<?xml version="1.0" encoding="UTF-8"?>
<!-- Generated by org.testng.reporters.JUnitXMLReporter -->
<testsuite ignored="2" hostname="IN-PG02H8SH" failures="0" tests="1" name="Default test" time="5.673" errors="0" timestamp="2023-01-06T23:26:16 IST">
  <testcase classname="com.test.HomePageTest" name="isLogoAvailable" time="0.18"/>
  <testcase classname="com.test.HomePageTest" name="verifyTitleFailed" time="0.0">
    <ignored/>
  </testcase> <!-- verifyTitleFailed -->
  <testcase classname="com.test.HomePageTest" name="verifyTitle" time="0.0">
    <ignored/>
  </testcase> <!-- verifyTitle -->
</testsuite> <!-- Default test -->
